2022-09-09T20:54:53.881Z [32minfo[39m: 	**************************************************************
2022-09-09T20:54:53.882Z [32minfo[39m: 	       Función getPDFPolymex.
2022-09-09T20:54:53.882Z [32minfo[39m: 	**************************************************************
2022-09-09T20:54:53.882Z [32minfo[39m: 	Obteniendo la información del TXT
2022-09-09T20:54:53.882Z [32minfo[39m: 	Obteniendo la información del TXT: emailTo
2022-09-09T20:54:53.882Z [32minfo[39m: 	Obteniendo la información del TXT: emailCC
2022-09-09T20:54:53.882Z [32minfo[39m: 	Obteniendo la información del TXT: encabezado
2022-09-09T20:54:53.887Z [32minfo[39m: 	Convirtiendo el archivo XML a json.
2022-09-09T20:54:53.893Z [32minfo[39m: 	Obteniendo la Información Global del xml.
2022-09-09T20:54:53.893Z [32minfo[39m: 	Obteniendo los Atributos del xml.
2022-09-09T20:54:53.893Z [32minfo[39m: 	Obteniendo la información del Emisor
2022-09-09T20:54:53.893Z [32minfo[39m: 	Obteniendo la información del Receptor
2022-09-09T20:54:53.893Z [32minfo[39m: 	Obteniendo la información de los Conceptos
2022-09-09T20:54:53.893Z [32minfo[39m: 	Obteniendo la información del Complemento
2022-09-09T20:54:53.893Z [32minfo[39m: 	Obteniendo la información del TXT: Lotes
2022-09-09T20:54:53.893Z [32minfo[39m: 	Obteniendo la información del TXT: Piezas
2022-09-09T20:54:53.893Z [32minfo[39m: 	Obteniendo la información del TXT: Referencias Cruzadas
2022-09-09T20:54:54.870Z [32minfo[39m: 	Obteniendo la información de los CFDI Relacionados
2022-09-09T20:54:54.932Z [32minfo[39m: 	Obteniendo la información del Complemento de Comercio Exterior
2022-09-09T20:54:54.932Z [32minfo[39m: 	Obteniendo la información de las Leyendas Fiscales
2022-09-09T20:54:54.932Z [32minfo[39m: 	Obteniendo la información del Timbre Fiscal Digital
2022-09-09T20:54:55.006Z [32minfo[39m: 	Generando Código QR
2022-09-09T20:54:55.470Z [32minfo[39m: 	Guardando Imagen de Código QR
2022-09-09T20:54:56.065Z [32minfo[39m: 	Obteniendo la información de los Impuestos
2022-09-09T20:54:56.594Z [32minfo[39m: 	Eliminando imagen Código QR
2022-09-09T20:54:56.594Z [32minfo[39m: 	Convirtiendo PDF A Base 64
