2022-11-17T17:14:57.871Z [32minfo[39m: 	**************************************************************
2022-11-17T17:14:57.872Z [32minfo[39m: 	       Función getPDFPolymex.
2022-11-17T17:14:57.872Z [32minfo[39m: 	**************************************************************
2022-11-17T17:14:57.872Z [32minfo[39m: 	Obteniendo la información del TXT
2022-11-17T17:14:57.876Z [32minfo[39m: 	Obteniendo la información del TXT: emailTo
2022-11-17T17:14:57.876Z [32minfo[39m: 	Obteniendo la información del TXT: emailCC
2022-11-17T17:14:57.876Z [32minfo[39m: 	Obteniendo la información del TXT: encabezado
2022-11-17T17:14:57.880Z [32minfo[39m: 	Convirtiendo el archivo XML a json.
2022-11-17T17:14:57.891Z [32minfo[39m: 	Obteniendo la Información Global del xml.
2022-11-17T17:14:57.892Z [32minfo[39m: 	Obteniendo los Atributos del xml.
2022-11-17T17:14:57.892Z [32minfo[39m: 	Obteniendo la información del Emisor
2022-11-17T17:14:57.892Z [32minfo[39m: 	Obteniendo la información del Receptor
2022-11-17T17:14:57.892Z [32minfo[39m: 	Obteniendo la información de los Conceptos
2022-11-17T17:14:57.892Z [32minfo[39m: 	Obteniendo la información del Complemento
2022-11-17T17:14:57.892Z [32minfo[39m: 	Obteniendo la información del TXT: Lotes
2022-11-17T17:14:57.892Z [32minfo[39m: 	Obteniendo la información del TXT: Piezas
2022-11-17T17:14:57.892Z [32minfo[39m: 	Obteniendo la información del TXT: Referencias Cruzadas
2022-11-17T17:15:26.182Z [32minfo[39m: 	**************************************************************
2022-11-17T17:15:26.183Z [32minfo[39m: 	       Función getPDFPolymex.
2022-11-17T17:15:26.183Z [32minfo[39m: 	**************************************************************
2022-11-17T17:15:26.183Z [32minfo[39m: 	Obteniendo la información del TXT
2022-11-17T17:15:26.185Z [32minfo[39m: 	Obteniendo la información del TXT: emailTo
2022-11-17T17:15:26.186Z [32minfo[39m: 	Obteniendo la información del TXT: emailCC
2022-11-17T17:15:26.186Z [32minfo[39m: 	Obteniendo la información del TXT: encabezado
2022-11-17T17:15:26.195Z [32minfo[39m: 	Convirtiendo el archivo XML a json.
2022-11-17T17:15:26.203Z [32minfo[39m: 	Obteniendo la Información Global del xml.
2022-11-17T17:15:26.203Z [32minfo[39m: 	Obteniendo los Atributos del xml.
2022-11-17T17:15:26.203Z [32minfo[39m: 	Obteniendo la información del Emisor
2022-11-17T17:15:26.203Z [32minfo[39m: 	Obteniendo la información del Receptor
2022-11-17T17:15:26.203Z [32minfo[39m: 	Obteniendo la información de los Conceptos
2022-11-17T17:15:26.203Z [32minfo[39m: 	Obteniendo la información del Complemento
2022-11-17T17:15:26.203Z [32minfo[39m: 	Obteniendo la información del TXT: Lotes
2022-11-17T17:15:26.203Z [32minfo[39m: 	Obteniendo la información del TXT: Piezas
2022-11-17T17:15:26.204Z [32minfo[39m: 	Obteniendo la información del TXT: Referencias Cruzadas
2022-11-17T17:16:18.963Z [32minfo[39m: 	**************************************************************
2022-11-17T17:16:18.964Z [32minfo[39m: 	       Función getPDFPolymex.
2022-11-17T17:16:18.964Z [32minfo[39m: 	**************************************************************
2022-11-17T17:16:18.964Z [32minfo[39m: 	Obteniendo la información del TXT
2022-11-17T17:16:18.967Z [32minfo[39m: 	Obteniendo la información del TXT: emailTo
2022-11-17T17:16:18.967Z [32minfo[39m: 	Obteniendo la información del TXT: emailCC
2022-11-17T17:16:18.967Z [32minfo[39m: 	Obteniendo la información del TXT: encabezado
2022-11-17T17:16:18.972Z [32minfo[39m: 	Convirtiendo el archivo XML a json.
2022-11-17T17:16:18.980Z [32minfo[39m: 	Obteniendo la Información Global del xml.
2022-11-17T17:16:18.980Z [32minfo[39m: 	Obteniendo los Atributos del xml.
2022-11-17T17:16:18.980Z [32minfo[39m: 	Obteniendo la información del Emisor
2022-11-17T17:16:18.980Z [32minfo[39m: 	Obteniendo la información del Receptor
2022-11-17T17:16:18.980Z [32minfo[39m: 	Obteniendo la información de los Conceptos
2022-11-17T17:16:18.980Z [32minfo[39m: 	Obteniendo la información del Complemento
2022-11-17T17:16:18.981Z [32minfo[39m: 	Obteniendo la información del TXT: Lotes
2022-11-17T17:16:18.981Z [32minfo[39m: 	Obteniendo la información del TXT: Piezas
2022-11-17T17:16:18.981Z [32minfo[39m: 	Obteniendo la información del TXT: Referencias Cruzadas
2022-11-17T17:17:19.061Z [32minfo[39m: 	Obteniendo la información de los CFDI Relacionados
2022-11-17T17:17:19.117Z [32minfo[39m: 	Obteniendo la información del Complemento de Comercio Exterior
2022-11-17T17:17:19.117Z [32minfo[39m: 	Obteniendo la información de las Leyendas Fiscales
2022-11-17T17:17:19.117Z [32minfo[39m: 	Obteniendo la información del Timbre Fiscal Digital
2022-11-17T17:17:19.118Z [32minfo[39m: 	Generando Código QR
2022-11-17T17:17:19.553Z [32minfo[39m: 	Hubo un error al procesar el PDF de Polymex: TypeError: Cannot read property '0' of undefined
2022-11-17T17:17:27.764Z [32minfo[39m: 	**************************************************************
2022-11-17T17:17:27.765Z [32minfo[39m: 	       Función getPDFPolymex.
2022-11-17T17:17:27.766Z [32minfo[39m: 	**************************************************************
2022-11-17T17:17:27.766Z [32minfo[39m: 	Obteniendo la información del TXT
2022-11-17T17:17:27.768Z [32minfo[39m: 	Obteniendo la información del TXT: emailTo
2022-11-17T17:17:27.768Z [32minfo[39m: 	Obteniendo la información del TXT: emailCC
2022-11-17T17:17:27.769Z [32minfo[39m: 	Obteniendo la información del TXT: encabezado
2022-11-17T17:17:27.773Z [32minfo[39m: 	Convirtiendo el archivo XML a json.
2022-11-17T17:17:27.782Z [32minfo[39m: 	Obteniendo la Información Global del xml.
2022-11-17T17:17:27.782Z [32minfo[39m: 	Obteniendo los Atributos del xml.
2022-11-17T17:17:27.782Z [32minfo[39m: 	Obteniendo la información del Emisor
2022-11-17T17:17:27.782Z [32minfo[39m: 	Obteniendo la información del Receptor
2022-11-17T17:17:27.782Z [32minfo[39m: 	Obteniendo la información de los Conceptos
2022-11-17T17:17:27.782Z [32minfo[39m: 	Obteniendo la información del Complemento
2022-11-17T17:17:27.782Z [32minfo[39m: 	Obteniendo la información del TXT: Lotes
2022-11-17T17:17:27.782Z [32minfo[39m: 	Obteniendo la información del TXT: Piezas
2022-11-17T17:17:27.782Z [32minfo[39m: 	Obteniendo la información del TXT: Referencias Cruzadas
2022-11-17T17:17:51.797Z [32minfo[39m: 	Obteniendo la información de los CFDI Relacionados
2022-11-17T17:17:51.837Z [32minfo[39m: 	Obteniendo la información del Complemento de Comercio Exterior
2022-11-17T17:17:51.838Z [32minfo[39m: 	Obteniendo la información de las Leyendas Fiscales
2022-11-17T17:17:51.838Z [32minfo[39m: 	Obteniendo la información del Timbre Fiscal Digital
2022-11-17T17:17:54.091Z [32minfo[39m: 	Generando Código QR
2022-11-17T17:17:54.495Z [32minfo[39m: 	Guardando Imagen de Código QR
2022-11-17T17:17:57.602Z [32minfo[39m: 	Obteniendo la información de los Impuestos
2022-11-17T17:17:59.807Z [32minfo[39m: 	Eliminando imagen Código QR
2022-11-17T17:17:59.807Z [32minfo[39m: 	Convirtiendo PDF A Base 64
2022-11-17T17:24:45.897Z [32minfo[39m: 	**************************************************************
2022-11-17T17:24:45.898Z [32minfo[39m: 	       Función getPDFPolymex.
2022-11-17T17:24:45.898Z [32minfo[39m: 	**************************************************************
2022-11-17T17:24:45.898Z [32minfo[39m: 	Obteniendo la información del TXT
2022-11-17T17:24:45.901Z [32minfo[39m: 	Obteniendo la información del TXT: emailTo
2022-11-17T17:24:45.901Z [32minfo[39m: 	Obteniendo la información del TXT: emailCC
2022-11-17T17:24:45.902Z [32minfo[39m: 	Obteniendo la información del TXT: encabezado
2022-11-17T17:24:45.906Z [32minfo[39m: 	Convirtiendo el archivo XML a json.
2022-11-17T17:24:45.914Z [32minfo[39m: 	Obteniendo la Información Global del xml.
2022-11-17T17:24:45.914Z [32minfo[39m: 	Obteniendo los Atributos del xml.
2022-11-17T17:24:45.914Z [32minfo[39m: 	Obteniendo la información del Emisor
2022-11-17T17:24:45.914Z [32minfo[39m: 	Obteniendo la información del Receptor
2022-11-17T17:24:45.914Z [32minfo[39m: 	Obteniendo la información de los Conceptos
2022-11-17T17:24:45.914Z [32minfo[39m: 	Obteniendo la información del Complemento
2022-11-17T17:24:45.914Z [32minfo[39m: 	Obteniendo la información del TXT: Lotes
2022-11-17T17:24:45.914Z [32minfo[39m: 	Obteniendo la información del TXT: Piezas
2022-11-17T17:24:45.914Z [32minfo[39m: 	Obteniendo la información del TXT: Referencias Cruzadas
2022-11-17T17:24:53.498Z [32minfo[39m: 	Obteniendo la información de los CFDI Relacionados
2022-11-17T17:24:53.545Z [32minfo[39m: 	Obteniendo la información del Complemento de Comercio Exterior
2022-11-17T17:24:53.545Z [32minfo[39m: 	Obteniendo la información de las Leyendas Fiscales
2022-11-17T17:24:53.545Z [32minfo[39m: 	Obteniendo la información del Timbre Fiscal Digital
2022-11-17T17:24:54.162Z [32minfo[39m: 	Generando Código QR
2022-11-17T17:24:54.607Z [32minfo[39m: 	Guardando Imagen de Código QR
2022-11-17T17:24:55.838Z [32minfo[39m: 	Obteniendo la información de los Impuestos
2022-11-17T17:24:56.731Z [32minfo[39m: 	Eliminando imagen Código QR
2022-11-17T17:24:56.732Z [32minfo[39m: 	Convirtiendo PDF A Base 64
2022-11-17T17:27:27.404Z [32minfo[39m: 	**************************************************************
2022-11-17T17:27:27.405Z [32minfo[39m: 	       Función getPDFPolymex.
2022-11-17T17:27:27.405Z [32minfo[39m: 	**************************************************************
2022-11-17T17:27:27.405Z [32minfo[39m: 	Obteniendo la información del TXT
2022-11-17T17:27:27.408Z [32minfo[39m: 	Obteniendo la información del TXT: emailTo
2022-11-17T17:27:27.408Z [32minfo[39m: 	Obteniendo la información del TXT: emailCC
2022-11-17T17:27:27.408Z [32minfo[39m: 	Obteniendo la información del TXT: encabezado
2022-11-17T17:27:27.412Z [32minfo[39m: 	Convirtiendo el archivo XML a json.
2022-11-17T17:27:27.419Z [32minfo[39m: 	Obteniendo la Información Global del xml.
2022-11-17T17:27:27.419Z [32minfo[39m: 	Obteniendo los Atributos del xml.
2022-11-17T17:27:27.419Z [32minfo[39m: 	Obteniendo la información del Emisor
2022-11-17T17:27:27.419Z [32minfo[39m: 	Obteniendo la información del Receptor
2022-11-17T17:27:27.419Z [32minfo[39m: 	Obteniendo la información de los Conceptos
2022-11-17T17:27:27.419Z [32minfo[39m: 	Obteniendo la información del Complemento
2022-11-17T17:27:27.419Z [32minfo[39m: 	Obteniendo la información del TXT: Lotes
2022-11-17T17:27:27.419Z [32minfo[39m: 	Obteniendo la información del TXT: Piezas
2022-11-17T17:27:27.419Z [32minfo[39m: 	Obteniendo la información del TXT: Referencias Cruzadas
2022-11-17T17:27:30.470Z [32minfo[39m: 	Obteniendo la información de los CFDI Relacionados
2022-11-17T17:27:30.532Z [32minfo[39m: 	Obteniendo la información del Complemento de Comercio Exterior
2022-11-17T17:27:30.533Z [32minfo[39m: 	Obteniendo la información de las Leyendas Fiscales
2022-11-17T17:27:30.533Z [32minfo[39m: 	Obteniendo la información del Timbre Fiscal Digital
2022-11-17T17:27:30.650Z [32minfo[39m: 	Generando Código QR
2022-11-17T17:27:31.058Z [32minfo[39m: 	Guardando Imagen de Código QR
2022-11-17T17:27:32.053Z [32minfo[39m: 	Obteniendo la información de los Impuestos
2022-11-17T17:27:32.592Z [32minfo[39m: 	Eliminando imagen Código QR
2022-11-17T17:27:32.592Z [32minfo[39m: 	Convirtiendo PDF A Base 64
2022-11-17T17:29:20.232Z [32minfo[39m: 	**************************************************************
2022-11-17T17:29:20.233Z [32minfo[39m: 	       Función getPDFPolymex.
2022-11-17T17:29:20.233Z [32minfo[39m: 	**************************************************************
2022-11-17T17:29:20.233Z [32minfo[39m: 	Obteniendo la información del TXT
2022-11-17T17:29:20.236Z [32minfo[39m: 	Obteniendo la información del TXT: emailTo
2022-11-17T17:29:20.236Z [32minfo[39m: 	Obteniendo la información del TXT: emailCC
2022-11-17T17:29:20.236Z [32minfo[39m: 	Obteniendo la información del TXT: encabezado
2022-11-17T17:29:20.241Z [32minfo[39m: 	Convirtiendo el archivo XML a json.
2022-11-17T17:29:20.247Z [32minfo[39m: 	Obteniendo la Información Global del xml.
2022-11-17T17:29:20.247Z [32minfo[39m: 	Obteniendo los Atributos del xml.
2022-11-17T17:29:20.247Z [32minfo[39m: 	Obteniendo la información del Emisor
2022-11-17T17:29:20.248Z [32minfo[39m: 	Obteniendo la información del Receptor
2022-11-17T17:29:20.248Z [32minfo[39m: 	Obteniendo la información de los Conceptos
2022-11-17T17:29:20.248Z [32minfo[39m: 	Obteniendo la información del Complemento
2022-11-17T17:29:20.248Z [32minfo[39m: 	Obteniendo la información del TXT: Lotes
2022-11-17T17:29:20.248Z [32minfo[39m: 	Obteniendo la información del TXT: Piezas
2022-11-17T17:29:20.248Z [32minfo[39m: 	Obteniendo la información del TXT: Referencias Cruzadas
2022-11-17T17:29:24.871Z [32minfo[39m: 	Obteniendo la información de los CFDI Relacionados
2022-11-17T17:29:24.929Z [32minfo[39m: 	Obteniendo la información del Complemento de Comercio Exterior
2022-11-17T17:29:24.929Z [32minfo[39m: 	Obteniendo la información de las Leyendas Fiscales
2022-11-17T17:29:24.929Z [32minfo[39m: 	Obteniendo la información del Timbre Fiscal Digital
2022-11-17T17:29:25.346Z [32minfo[39m: 	Generando Código QR
2022-11-17T17:29:25.781Z [32minfo[39m: 	Guardando Imagen de Código QR
2022-11-17T17:29:27.012Z [32minfo[39m: 	Obteniendo la información de los Impuestos
2022-11-17T17:29:27.505Z [32minfo[39m: 	Eliminando imagen Código QR
2022-11-17T17:29:27.506Z [32minfo[39m: 	Convirtiendo PDF A Base 64
2022-11-17T17:31:35.591Z [32minfo[39m: 	**************************************************************
2022-11-17T17:31:35.592Z [32minfo[39m: 	       Función getPDFPolymex.
2022-11-17T17:31:35.593Z [32minfo[39m: 	**************************************************************
2022-11-17T17:31:35.593Z [32minfo[39m: 	Obteniendo la información del TXT
2022-11-17T17:31:35.596Z [32minfo[39m: 	Obteniendo la información del TXT: emailTo
2022-11-17T17:31:35.596Z [32minfo[39m: 	Obteniendo la información del TXT: emailCC
2022-11-17T17:31:35.596Z [32minfo[39m: 	Obteniendo la información del TXT: encabezado
2022-11-17T17:31:35.601Z [32minfo[39m: 	Convirtiendo el archivo XML a json.
2022-11-17T17:31:35.607Z [32minfo[39m: 	Obteniendo la Información Global del xml.
2022-11-17T17:31:35.608Z [32minfo[39m: 	Obteniendo los Atributos del xml.
2022-11-17T17:31:35.608Z [32minfo[39m: 	Obteniendo la información del Emisor
2022-11-17T17:31:35.608Z [32minfo[39m: 	Obteniendo la información del Receptor
2022-11-17T17:31:35.608Z [32minfo[39m: 	Obteniendo la información de los Conceptos
2022-11-17T17:31:35.608Z [32minfo[39m: 	Obteniendo la información del Complemento
2022-11-17T17:31:35.608Z [32minfo[39m: 	Obteniendo la información del TXT: Lotes
2022-11-17T17:31:35.608Z [32minfo[39m: 	Obteniendo la información del TXT: Piezas
2022-11-17T17:31:35.608Z [32minfo[39m: 	Obteniendo la información del TXT: Referencias Cruzadas
2022-11-17T17:31:38.117Z [32minfo[39m: 	Obteniendo la información de los CFDI Relacionados
2022-11-17T17:31:38.175Z [32minfo[39m: 	Obteniendo la información del Complemento de Comercio Exterior
2022-11-17T17:31:38.175Z [32minfo[39m: 	Obteniendo la información de las Leyendas Fiscales
2022-11-17T17:31:38.175Z [32minfo[39m: 	Obteniendo la información del Timbre Fiscal Digital
2022-11-17T17:31:38.325Z [32minfo[39m: 	Generando Código QR
2022-11-17T17:31:38.744Z [32minfo[39m: 	Guardando Imagen de Código QR
2022-11-17T17:31:39.712Z [32minfo[39m: 	Obteniendo la información de los Impuestos
2022-11-17T17:31:40.252Z [32minfo[39m: 	Eliminando imagen Código QR
2022-11-17T17:31:40.253Z [32minfo[39m: 	Convirtiendo PDF A Base 64
2022-11-17T17:34:16.410Z [32minfo[39m: 	**************************************************************
2022-11-17T17:34:16.411Z [32minfo[39m: 	       Función getPDFPolymex.
2022-11-17T17:34:16.411Z [32minfo[39m: 	**************************************************************
2022-11-17T17:34:16.411Z [32minfo[39m: 	Obteniendo la información del TXT
2022-11-17T17:34:16.414Z [32minfo[39m: 	Obteniendo la información del TXT: emailTo
2022-11-17T17:34:16.414Z [32minfo[39m: 	Obteniendo la información del TXT: emailCC
2022-11-17T17:34:16.414Z [32minfo[39m: 	Obteniendo la información del TXT: encabezado
2022-11-17T17:34:16.418Z [32minfo[39m: 	Convirtiendo el archivo XML a json.
2022-11-17T17:34:16.426Z [32minfo[39m: 	Obteniendo la Información Global del xml.
2022-11-17T17:34:16.426Z [32minfo[39m: 	Obteniendo los Atributos del xml.
2022-11-17T17:34:16.426Z [32minfo[39m: 	Obteniendo la información del Emisor
2022-11-17T17:34:16.426Z [32minfo[39m: 	Obteniendo la información del Receptor
2022-11-17T17:34:16.426Z [32minfo[39m: 	Obteniendo la información de los Conceptos
2022-11-17T17:34:16.427Z [32minfo[39m: 	Obteniendo la información del Complemento
2022-11-17T17:34:16.427Z [32minfo[39m: 	Obteniendo la información del TXT: Lotes
2022-11-17T17:34:16.427Z [32minfo[39m: 	Obteniendo la información del TXT: Piezas
2022-11-17T17:34:16.427Z [32minfo[39m: 	Obteniendo la información del TXT: Referencias Cruzadas
2022-11-17T17:34:26.581Z [32minfo[39m: 	Obteniendo la información de los CFDI Relacionados
2022-11-17T17:34:26.640Z [32minfo[39m: 	Obteniendo la información del Complemento de Comercio Exterior
2022-11-17T17:34:26.640Z [32minfo[39m: 	Obteniendo la información de las Leyendas Fiscales
2022-11-17T17:34:26.640Z [32minfo[39m: 	Obteniendo la información del Timbre Fiscal Digital
2022-11-17T17:34:27.044Z [32minfo[39m: 	Generando Código QR
2022-11-17T17:34:27.473Z [32minfo[39m: 	Guardando Imagen de Código QR
2022-11-17T17:34:29.959Z [32minfo[39m: 	Obteniendo la información de los Impuestos
2022-11-17T17:34:31.170Z [32minfo[39m: 	Eliminando imagen Código QR
2022-11-17T17:34:31.171Z [32minfo[39m: 	Convirtiendo PDF A Base 64
2022-11-17T17:36:48.892Z [32minfo[39m: 	**************************************************************
2022-11-17T17:36:48.893Z [32minfo[39m: 	       Función getPDFPolymex.
2022-11-17T17:36:48.894Z [32minfo[39m: 	**************************************************************
2022-11-17T17:36:48.894Z [32minfo[39m: 	Obteniendo la información del TXT
2022-11-17T17:36:48.897Z [32minfo[39m: 	Obteniendo la información del TXT: emailTo
2022-11-17T17:36:48.897Z [32minfo[39m: 	Obteniendo la información del TXT: emailCC
2022-11-17T17:36:48.897Z [32minfo[39m: 	Obteniendo la información del TXT: encabezado
2022-11-17T17:36:48.901Z [32minfo[39m: 	Convirtiendo el archivo XML a json.
2022-11-17T17:36:48.909Z [32minfo[39m: 	Obteniendo la Información Global del xml.
2022-11-17T17:36:48.910Z [32minfo[39m: 	Obteniendo los Atributos del xml.
2022-11-17T17:36:48.910Z [32minfo[39m: 	Obteniendo la información del Emisor
2022-11-17T17:36:48.910Z [32minfo[39m: 	Obteniendo la información del Receptor
2022-11-17T17:36:48.910Z [32minfo[39m: 	Obteniendo la información de los Conceptos
2022-11-17T17:36:48.910Z [32minfo[39m: 	Obteniendo la información del Complemento
2022-11-17T17:36:48.910Z [32minfo[39m: 	Obteniendo la información del TXT: Lotes
2022-11-17T17:36:48.910Z [32minfo[39m: 	Obteniendo la información del TXT: Piezas
2022-11-17T17:36:48.910Z [32minfo[39m: 	Obteniendo la información del TXT: Referencias Cruzadas
2022-11-17T17:37:02.678Z [32minfo[39m: 	Obteniendo la información de los CFDI Relacionados
2022-11-17T17:37:02.740Z [32minfo[39m: 	Obteniendo la información del Complemento de Comercio Exterior
2022-11-17T17:37:02.740Z [32minfo[39m: 	Obteniendo la información de las Leyendas Fiscales
2022-11-17T17:37:02.740Z [32minfo[39m: 	Obteniendo la información del Timbre Fiscal Digital
2022-11-17T17:37:02.880Z [32minfo[39m: 	Generando Código QR
2022-11-17T17:37:03.345Z [32minfo[39m: 	Guardando Imagen de Código QR
2022-11-17T17:37:04.436Z [32minfo[39m: 	Obteniendo la información de los Impuestos
2022-11-17T17:37:05.243Z [32minfo[39m: 	Eliminando imagen Código QR
2022-11-17T17:37:05.244Z [32minfo[39m: 	Convirtiendo PDF A Base 64
2022-11-17T17:40:22.784Z [32minfo[39m: 	**************************************************************
2022-11-17T17:40:22.785Z [32minfo[39m: 	       Función getPDFPolymex.
2022-11-17T17:40:22.786Z [32minfo[39m: 	**************************************************************
2022-11-17T17:40:22.786Z [32minfo[39m: 	Obteniendo la información del TXT
2022-11-17T17:40:22.788Z [32minfo[39m: 	Obteniendo la información del TXT: emailTo
2022-11-17T17:40:22.789Z [32minfo[39m: 	Obteniendo la información del TXT: emailCC
2022-11-17T17:40:22.789Z [32minfo[39m: 	Obteniendo la información del TXT: encabezado
2022-11-17T17:40:22.794Z [32minfo[39m: 	Convirtiendo el archivo XML a json.
2022-11-17T17:40:22.801Z [32minfo[39m: 	Obteniendo la Información Global del xml.
2022-11-17T17:40:22.802Z [32minfo[39m: 	Obteniendo los Atributos del xml.
2022-11-17T17:40:22.802Z [32minfo[39m: 	Obteniendo la información del Emisor
2022-11-17T17:40:22.802Z [32minfo[39m: 	Obteniendo la información del Receptor
2022-11-17T17:40:22.802Z [32minfo[39m: 	Obteniendo la información de los Conceptos
2022-11-17T17:40:22.802Z [32minfo[39m: 	Obteniendo la información del Complemento
2022-11-17T17:40:22.802Z [32minfo[39m: 	Obteniendo la información del TXT: Lotes
2022-11-17T17:40:22.802Z [32minfo[39m: 	Obteniendo la información del TXT: Piezas
2022-11-17T17:40:22.802Z [32minfo[39m: 	Obteniendo la información del TXT: Referencias Cruzadas
2022-11-17T17:40:26.177Z [32minfo[39m: 	Obteniendo la información de los CFDI Relacionados
2022-11-17T17:40:26.237Z [32minfo[39m: 	Obteniendo la información del Complemento de Comercio Exterior
2022-11-17T17:40:26.238Z [32minfo[39m: 	Obteniendo la información de las Leyendas Fiscales
2022-11-17T17:40:26.238Z [32minfo[39m: 	Obteniendo la información del Timbre Fiscal Digital
2022-11-17T17:40:26.634Z [32minfo[39m: 	Generando Código QR
2022-11-17T17:40:27.060Z [32minfo[39m: 	Guardando Imagen de Código QR
2022-11-17T17:40:28.676Z [32minfo[39m: 	Obteniendo la información de los Impuestos
2022-11-17T17:40:29.643Z [32minfo[39m: 	Eliminando imagen Código QR
2022-11-17T17:40:29.644Z [32minfo[39m: 	Convirtiendo PDF A Base 64
2022-11-17T17:45:11.431Z [32minfo[39m: 	**************************************************************
2022-11-17T17:45:11.432Z [32minfo[39m: 	       Función getPDFPolymex.
2022-11-17T17:45:11.432Z [32minfo[39m: 	**************************************************************
2022-11-17T17:45:11.432Z [32minfo[39m: 	Obteniendo la información del TXT
2022-11-17T17:45:11.435Z [32minfo[39m: 	Obteniendo la información del TXT: emailTo
2022-11-17T17:45:11.435Z [32minfo[39m: 	Obteniendo la información del TXT: emailCC
2022-11-17T17:45:11.435Z [32minfo[39m: 	Obteniendo la información del TXT: encabezado
2022-11-17T17:45:11.441Z [32minfo[39m: 	Convirtiendo el archivo XML a json.
2022-11-17T17:45:11.451Z [32minfo[39m: 	Obteniendo la Información Global del xml.
2022-11-17T17:45:11.451Z [32minfo[39m: 	Obteniendo los Atributos del xml.
2022-11-17T17:45:11.451Z [32minfo[39m: 	Obteniendo la información del Emisor
2022-11-17T17:45:11.451Z [32minfo[39m: 	Obteniendo la información del Receptor
2022-11-17T17:45:11.451Z [32minfo[39m: 	Obteniendo la información de los Conceptos
2022-11-17T17:45:11.451Z [32minfo[39m: 	Obteniendo la información del Complemento
2022-11-17T17:45:11.451Z [32minfo[39m: 	Obteniendo la información del TXT: Lotes
2022-11-17T17:45:11.452Z [32minfo[39m: 	Obteniendo la información del TXT: Piezas
2022-11-17T17:45:11.452Z [32minfo[39m: 	Obteniendo la información del TXT: Referencias Cruzadas
2022-11-17T17:45:20.798Z [32minfo[39m: 	Obteniendo la información de los CFDI Relacionados
2022-11-17T17:45:20.865Z [32minfo[39m: 	Obteniendo la información del Complemento de Comercio Exterior
2022-11-17T17:45:20.866Z [32minfo[39m: 	Obteniendo la información de las Leyendas Fiscales
2022-11-17T17:45:20.866Z [32minfo[39m: 	Obteniendo la información del Timbre Fiscal Digital
2022-11-17T17:45:21.325Z [32minfo[39m: 	Generando Código QR
2022-11-17T17:45:21.768Z [32minfo[39m: 	Guardando Imagen de Código QR
2022-11-17T17:45:24.155Z [32minfo[39m: 	Obteniendo la información de los Impuestos
2022-11-17T17:45:24.896Z [32minfo[39m: 	Eliminando imagen Código QR
2022-11-17T17:45:24.897Z [32minfo[39m: 	Convirtiendo PDF A Base 64
2022-11-17T22:43:06.306Z [32minfo[39m: 	**************************************************************
2022-11-17T22:43:06.308Z [32minfo[39m: 	       Función getPDFPolymex.
2022-11-17T22:43:06.308Z [32minfo[39m: 	**************************************************************
2022-11-17T22:43:06.308Z [32minfo[39m: 	Obteniendo la información del TXT
2022-11-17T22:43:06.311Z [32minfo[39m: 	Obteniendo la información del TXT: emailTo
2022-11-17T22:43:06.311Z [32minfo[39m: 	Obteniendo la información del TXT: emailCC
2022-11-17T22:43:06.313Z [32minfo[39m: 	Hubo un error al procesar el PDF de Polymex: TypeError: Cannot read property 'split' of undefined
2022-11-17T22:43:41.635Z [32minfo[39m: 	**************************************************************
2022-11-17T22:43:41.636Z [32minfo[39m: 	       Función getPDFPolymex.
2022-11-17T22:43:41.636Z [32minfo[39m: 	**************************************************************
2022-11-17T22:43:41.636Z [32minfo[39m: 	Obteniendo la información del TXT
2022-11-17T22:43:41.639Z [32minfo[39m: 	Obteniendo la información del TXT: emailTo
2022-11-17T22:43:41.639Z [32minfo[39m: 	Obteniendo la información del TXT: emailCC
2022-11-17T22:43:41.639Z [32minfo[39m: 	Obteniendo la información del TXT: encabezado
2022-11-17T22:43:41.644Z [32minfo[39m: 	Convirtiendo el archivo XML a json.
2022-11-17T22:43:41.651Z [32minfo[39m: 	Obteniendo la Información Global del xml.
2022-11-17T22:43:41.651Z [32minfo[39m: 	Obteniendo los Atributos del xml.
2022-11-17T22:43:41.651Z [32minfo[39m: 	Obteniendo la información del Emisor
2022-11-17T22:43:41.651Z [32minfo[39m: 	Obteniendo la información del Receptor
2022-11-17T22:43:41.651Z [32minfo[39m: 	Obteniendo la información de los Conceptos
2022-11-17T22:43:41.651Z [32minfo[39m: 	Obteniendo la información del Complemento
2022-11-17T22:43:41.651Z [32minfo[39m: 	Obteniendo la información del TXT: Lotes
2022-11-17T22:43:41.651Z [32minfo[39m: 	Obteniendo la información del TXT: Piezas
2022-11-17T22:43:41.651Z [32minfo[39m: 	Obteniendo la información del TXT: Referencias Cruzadas
2022-11-17T22:44:11.524Z [32minfo[39m: 	**************************************************************
2022-11-17T22:44:11.524Z [32minfo[39m: 	       Función getPDFPolymex.
2022-11-17T22:44:11.525Z [32minfo[39m: 	**************************************************************
2022-11-17T22:44:11.525Z [32minfo[39m: 	Obteniendo la información del TXT
2022-11-17T22:44:11.527Z [32minfo[39m: 	Obteniendo la información del TXT: emailTo
2022-11-17T22:44:11.527Z [32minfo[39m: 	Obteniendo la información del TXT: emailCC
2022-11-17T22:44:11.527Z [32minfo[39m: 	Obteniendo la información del TXT: encabezado
2022-11-17T22:44:11.531Z [32minfo[39m: 	Convirtiendo el archivo XML a json.
2022-11-17T22:44:11.538Z [32minfo[39m: 	Obteniendo la Información Global del xml.
2022-11-17T22:44:11.538Z [32minfo[39m: 	Obteniendo los Atributos del xml.
2022-11-17T22:44:11.538Z [32minfo[39m: 	Obteniendo la información del Emisor
2022-11-17T22:44:11.538Z [32minfo[39m: 	Obteniendo la información del Receptor
2022-11-17T22:44:11.538Z [32minfo[39m: 	Obteniendo la información de los Conceptos
2022-11-17T22:44:11.538Z [32minfo[39m: 	Obteniendo la información del Complemento
2022-11-17T22:44:11.538Z [32minfo[39m: 	Obteniendo la información del TXT: Lotes
2022-11-17T22:44:11.538Z [32minfo[39m: 	Obteniendo la información del TXT: Piezas
2022-11-17T22:44:11.538Z [32minfo[39m: 	Obteniendo la información del TXT: Referencias Cruzadas
2022-11-17T22:44:17.135Z [32minfo[39m: 	Obteniendo la información de los CFDI Relacionados
2022-11-17T22:44:17.188Z [32minfo[39m: 	Obteniendo la información del Complemento de Comercio Exterior
2022-11-17T22:44:17.188Z [32minfo[39m: 	Obteniendo la información de las Leyendas Fiscales
2022-11-17T22:44:17.189Z [32minfo[39m: 	Obteniendo la información del Timbre Fiscal Digital
2022-11-17T22:44:17.701Z [32minfo[39m: 	Generando Código QR
2022-11-17T22:44:18.192Z [32minfo[39m: 	Guardando Imagen de Código QR
2022-11-17T22:44:21.148Z [32minfo[39m: 	Obteniendo la información de los Impuestos
2022-11-17T22:44:22.078Z [32minfo[39m: 	Eliminando imagen Código QR
2022-11-17T22:44:22.079Z [32minfo[39m: 	Convirtiendo PDF A Base 64
2022-11-17T22:48:30.775Z [32minfo[39m: 	**************************************************************
2022-11-17T22:48:30.776Z [32minfo[39m: 	       Función getPDFPolymex.
2022-11-17T22:48:30.776Z [32minfo[39m: 	**************************************************************
2022-11-17T22:48:30.776Z [32minfo[39m: 	Obteniendo la información del TXT
2022-11-17T22:48:30.779Z [32minfo[39m: 	Obteniendo la información del TXT: emailTo
2022-11-17T22:48:30.779Z [32minfo[39m: 	Obteniendo la información del TXT: emailCC
2022-11-17T22:48:30.779Z [32minfo[39m: 	Obteniendo la información del TXT: encabezado
2022-11-17T22:48:30.784Z [32minfo[39m: 	Convirtiendo el archivo XML a json.
2022-11-17T22:48:30.792Z [32minfo[39m: 	Obteniendo la Información Global del xml.
2022-11-17T22:48:30.792Z [32minfo[39m: 	Obteniendo los Atributos del xml.
2022-11-17T22:48:30.792Z [32minfo[39m: 	Obteniendo la información del Emisor
2022-11-17T22:48:30.792Z [32minfo[39m: 	Obteniendo la información del Receptor
2022-11-17T22:48:30.792Z [32minfo[39m: 	Obteniendo la información de los Conceptos
2022-11-17T22:48:30.792Z [32minfo[39m: 	Obteniendo la información del Complemento
2022-11-17T22:48:30.792Z [32minfo[39m: 	Obteniendo la información del TXT: Lotes
2022-11-17T22:48:30.792Z [32minfo[39m: 	Obteniendo la información del TXT: Piezas
2022-11-17T22:48:30.792Z [32minfo[39m: 	Obteniendo la información del TXT: Referencias Cruzadas
2022-11-17T22:48:33.597Z [32minfo[39m: 	Obteniendo la información de los CFDI Relacionados
2022-11-17T22:48:33.649Z [32minfo[39m: 	Obteniendo la información del Complemento de Comercio Exterior
2022-11-17T22:48:33.649Z [32minfo[39m: 	Obteniendo la información de las Leyendas Fiscales
2022-11-17T22:48:33.649Z [32minfo[39m: 	Obteniendo la información del Timbre Fiscal Digital
2022-11-17T22:48:33.961Z [32minfo[39m: 	Generando Código QR
2022-11-17T22:48:34.397Z [32minfo[39m: 	Guardando Imagen de Código QR
2022-11-17T22:48:35.848Z [32minfo[39m: 	Obteniendo la información de los Impuestos
2022-11-17T22:48:36.480Z [32minfo[39m: 	Eliminando imagen Código QR
2022-11-17T22:48:36.480Z [32minfo[39m: 	Convirtiendo PDF A Base 64
2022-11-17T22:49:15.792Z [32minfo[39m: 	**************************************************************
2022-11-17T22:49:15.793Z [32minfo[39m: 	       Función getPDFPolymex.
2022-11-17T22:49:15.794Z [32minfo[39m: 	**************************************************************
2022-11-17T22:49:15.794Z [32minfo[39m: 	Obteniendo la información del TXT
2022-11-17T22:49:15.796Z [32minfo[39m: 	Obteniendo la información del TXT: emailTo
2022-11-17T22:49:15.796Z [32minfo[39m: 	Obteniendo la información del TXT: emailCC
2022-11-17T22:49:15.797Z [32minfo[39m: 	Obteniendo la información del TXT: encabezado
2022-11-17T22:49:15.801Z [32minfo[39m: 	Convirtiendo el archivo XML a json.
2022-11-17T22:49:15.809Z [32minfo[39m: 	Obteniendo la Información Global del xml.
2022-11-17T22:49:15.809Z [32minfo[39m: 	Obteniendo los Atributos del xml.
2022-11-17T22:49:15.809Z [32minfo[39m: 	Obteniendo la información del Emisor
2022-11-17T22:49:15.809Z [32minfo[39m: 	Obteniendo la información del Receptor
2022-11-17T22:49:15.809Z [32minfo[39m: 	Obteniendo la información de los Conceptos
2022-11-17T22:49:15.809Z [32minfo[39m: 	Obteniendo la información del Complemento
2022-11-17T22:49:15.809Z [32minfo[39m: 	Obteniendo la información del TXT: Lotes
2022-11-17T22:49:15.809Z [32minfo[39m: 	Obteniendo la información del TXT: Piezas
2022-11-17T22:49:15.810Z [32minfo[39m: 	Obteniendo la información del TXT: Referencias Cruzadas
2022-11-17T22:49:18.790Z [32minfo[39m: 	Obteniendo la información de los CFDI Relacionados
2022-11-17T22:49:18.821Z [32minfo[39m: 	Obteniendo la información del Complemento de Comercio Exterior
2022-11-17T22:49:18.821Z [32minfo[39m: 	Obteniendo la información de las Leyendas Fiscales
2022-11-17T22:49:18.821Z [32minfo[39m: 	Obteniendo la información del Timbre Fiscal Digital
2022-11-17T22:49:18.991Z [32minfo[39m: 	Generando Código QR
2022-11-17T22:49:19.483Z [32minfo[39m: 	Guardando Imagen de Código QR
2022-11-17T22:49:20.987Z [32minfo[39m: 	Obteniendo la información de los Impuestos
2022-11-17T22:49:21.650Z [32minfo[39m: 	Eliminando imagen Código QR
2022-11-17T22:49:21.651Z [32minfo[39m: 	Convirtiendo PDF A Base 64
2022-11-17T22:55:41.282Z [32minfo[39m: 	**************************************************************
2022-11-17T22:55:41.284Z [32minfo[39m: 	       Función getPDFPolymex.
2022-11-17T22:55:41.284Z [32minfo[39m: 	**************************************************************
2022-11-17T22:55:41.284Z [32minfo[39m: 	Obteniendo la información del TXT
2022-11-17T22:55:41.286Z [32minfo[39m: 	Obteniendo la información del TXT: emailTo
2022-11-17T22:55:41.286Z [32minfo[39m: 	Obteniendo la información del TXT: emailCC
2022-11-17T22:55:41.288Z [32minfo[39m: 	Hubo un error al procesar el PDF de Polymex: TypeError: Cannot read property 'split' of undefined
2022-11-17T22:56:02.540Z [32minfo[39m: 	**************************************************************
2022-11-17T22:56:02.542Z [32minfo[39m: 	       Función getPDFPolymex.
2022-11-17T22:56:02.542Z [32minfo[39m: 	**************************************************************
2022-11-17T22:56:02.542Z [32minfo[39m: 	Obteniendo la información del TXT
2022-11-17T22:56:02.545Z [32minfo[39m: 	Obteniendo la información del TXT: emailTo
2022-11-17T22:56:02.545Z [32minfo[39m: 	Obteniendo la información del TXT: emailCC
2022-11-17T22:56:02.545Z [32minfo[39m: 	Obteniendo la información del TXT: encabezado
2022-11-17T22:56:02.549Z [32minfo[39m: 	Convirtiendo el archivo XML a json.
2022-11-17T22:56:02.556Z [32minfo[39m: 	Obteniendo la Información Global del xml.
2022-11-17T22:56:02.557Z [32minfo[39m: 	Obteniendo los Atributos del xml.
2022-11-17T22:56:02.557Z [32minfo[39m: 	Obteniendo la información del Emisor
2022-11-17T22:56:02.557Z [32minfo[39m: 	Obteniendo la información del Receptor
2022-11-17T22:56:02.557Z [32minfo[39m: 	Obteniendo la información de los Conceptos
2022-11-17T22:56:02.557Z [32minfo[39m: 	Obteniendo la información del Complemento
2022-11-17T22:56:02.557Z [32minfo[39m: 	Obteniendo la información del TXT: Lotes
2022-11-17T22:56:02.557Z [32minfo[39m: 	Obteniendo la información del TXT: Piezas
2022-11-17T22:56:02.557Z [32minfo[39m: 	Obteniendo la información del TXT: Referencias Cruzadas
2022-11-17T22:56:09.944Z [32minfo[39m: 	Obteniendo la información de los CFDI Relacionados
2022-11-17T22:56:09.997Z [32minfo[39m: 	Obteniendo la información del Complemento de Comercio Exterior
2022-11-17T22:56:09.997Z [32minfo[39m: 	Obteniendo la información de las Leyendas Fiscales
2022-11-17T22:56:09.997Z [32minfo[39m: 	Obteniendo la información del Timbre Fiscal Digital
2022-11-17T22:56:10.255Z [32minfo[39m: 	Generando Código QR
2022-11-17T22:56:10.712Z [32minfo[39m: 	Guardando Imagen de Código QR
2022-11-17T22:56:12.850Z [32minfo[39m: 	Obteniendo la información de los Impuestos
2022-11-17T22:56:14.265Z [32minfo[39m: 	Eliminando imagen Código QR
2022-11-17T22:56:14.265Z [32minfo[39m: 	Convirtiendo PDF A Base 64
2022-11-17T23:44:01.807Z [32minfo[39m: 	**************************************************************
2022-11-17T23:44:01.808Z [32minfo[39m: 	       Función getPDFPolymex.
2022-11-17T23:44:01.808Z [32minfo[39m: 	**************************************************************
2022-11-17T23:44:01.808Z [32minfo[39m: 	Obteniendo la información del TXT
2022-11-17T23:44:01.811Z [32minfo[39m: 	Obteniendo la información del TXT: emailTo
2022-11-17T23:44:01.811Z [32minfo[39m: 	Obteniendo la información del TXT: emailCC
2022-11-17T23:44:01.811Z [32minfo[39m: 	Obteniendo la información del TXT: encabezado
2022-11-17T23:44:01.817Z [32minfo[39m: 	Convirtiendo el archivo XML a json.
2022-11-17T23:44:01.826Z [32minfo[39m: 	Obteniendo la Información Global del xml.
2022-11-17T23:44:01.827Z [32minfo[39m: 	Obteniendo los Atributos del xml.
2022-11-17T23:44:01.827Z [32minfo[39m: 	Obteniendo la información del Emisor
2022-11-17T23:44:01.827Z [32minfo[39m: 	Obteniendo la información del Receptor
2022-11-17T23:44:01.827Z [32minfo[39m: 	Obteniendo la información de los Conceptos
2022-11-17T23:44:01.827Z [32minfo[39m: 	Obteniendo la información del Complemento
2022-11-17T23:44:01.827Z [32minfo[39m: 	Obteniendo la información del TXT: Lotes
2022-11-17T23:44:01.827Z [32minfo[39m: 	Obteniendo la información del TXT: Piezas
2022-11-17T23:44:01.827Z [32minfo[39m: 	Obteniendo la información del TXT: Referencias Cruzadas
2022-11-17T23:44:03.910Z [32minfo[39m: 	Obteniendo la información de los CFDI Relacionados
2022-11-17T23:44:03.962Z [32minfo[39m: 	Obteniendo la información del Complemento de Comercio Exterior
2022-11-17T23:44:03.962Z [32minfo[39m: 	Obteniendo la información de las Leyendas Fiscales
2022-11-17T23:44:03.962Z [32minfo[39m: 	Obteniendo la información del Timbre Fiscal Digital
2022-11-17T23:44:04.102Z [32minfo[39m: 	Generando Código QR
2022-11-17T23:44:04.565Z [32minfo[39m: 	Guardando Imagen de Código QR
2022-11-17T23:44:05.740Z [32minfo[39m: 	Obteniendo la información de los Impuestos
2022-11-17T23:44:06.383Z [32minfo[39m: 	Eliminando imagen Código QR
2022-11-17T23:44:06.384Z [32minfo[39m: 	Convirtiendo PDF A Base 64
2022-11-17T23:47:11.636Z [32minfo[39m: 	**************************************************************
2022-11-17T23:47:11.637Z [32minfo[39m: 	       Función getPDFPolymex.
2022-11-17T23:47:11.637Z [32minfo[39m: 	**************************************************************
2022-11-17T23:47:11.637Z [32minfo[39m: 	Obteniendo la información del TXT
2022-11-17T23:47:11.639Z [32minfo[39m: 	Obteniendo la información del TXT: emailTo
2022-11-17T23:47:11.640Z [32minfo[39m: 	Obteniendo la información del TXT: emailCC
2022-11-17T23:47:11.642Z [32minfo[39m: 	Hubo un error al procesar el PDF de Polymex: TypeError: Cannot read property 'split' of undefined
2022-11-17T23:47:55.278Z [32minfo[39m: 	**************************************************************
2022-11-17T23:47:55.279Z [32minfo[39m: 	       Función getPDFPolymex.
2022-11-17T23:47:55.279Z [32minfo[39m: 	**************************************************************
2022-11-17T23:47:55.279Z [32minfo[39m: 	Obteniendo la información del TXT
2022-11-17T23:47:55.282Z [32minfo[39m: 	Obteniendo la información del TXT: emailTo
2022-11-17T23:47:55.282Z [32minfo[39m: 	Obteniendo la información del TXT: emailCC
2022-11-17T23:47:55.282Z [32minfo[39m: 	Obteniendo la información del TXT: encabezado
2022-11-17T23:47:55.287Z [32minfo[39m: 	Convirtiendo el archivo XML a json.
2022-11-17T23:47:55.294Z [32minfo[39m: 	Obteniendo la Información Global del xml.
2022-11-17T23:47:55.294Z [32minfo[39m: 	Obteniendo los Atributos del xml.
2022-11-17T23:47:55.295Z [32minfo[39m: 	Obteniendo la información del Emisor
2022-11-17T23:47:55.295Z [32minfo[39m: 	Obteniendo la información del Receptor
2022-11-17T23:47:55.295Z [32minfo[39m: 	Obteniendo la información de los Conceptos
2022-11-17T23:47:55.295Z [32minfo[39m: 	Obteniendo la información del Complemento
2022-11-17T23:47:55.295Z [32minfo[39m: 	Obteniendo la información del TXT: Lotes
2022-11-17T23:47:55.295Z [32minfo[39m: 	Obteniendo la información del TXT: Piezas
2022-11-17T23:47:55.295Z [32minfo[39m: 	Obteniendo la información del TXT: Referencias Cruzadas
2022-11-17T23:47:57.304Z [32minfo[39m: 	Obteniendo la información de los CFDI Relacionados
2022-11-17T23:47:57.354Z [32minfo[39m: 	Obteniendo la información del Complemento de Comercio Exterior
2022-11-17T23:47:57.354Z [32minfo[39m: 	Obteniendo la información de las Leyendas Fiscales
2022-11-17T23:47:57.354Z [32minfo[39m: 	Obteniendo la información del Timbre Fiscal Digital
2022-11-17T23:47:57.495Z [32minfo[39m: 	Generando Código QR
2022-11-17T23:47:57.946Z [32minfo[39m: 	Guardando Imagen de Código QR
2022-11-17T23:47:59.186Z [32minfo[39m: 	Obteniendo la información de los Impuestos
2022-11-17T23:47:59.800Z [32minfo[39m: 	Eliminando imagen Código QR
2022-11-17T23:47:59.801Z [32minfo[39m: 	Convirtiendo PDF A Base 64
2022-11-17T23:51:57.102Z [32minfo[39m: 	**************************************************************
2022-11-17T23:51:57.104Z [32minfo[39m: 	       Función getPDFPolymex.
2022-11-17T23:51:57.104Z [32minfo[39m: 	**************************************************************
2022-11-17T23:51:57.104Z [32minfo[39m: 	Obteniendo la información del TXT
2022-11-17T23:51:57.107Z [32minfo[39m: 	Obteniendo la información del TXT: emailTo
2022-11-17T23:51:57.107Z [32minfo[39m: 	Obteniendo la información del TXT: emailCC
2022-11-17T23:51:57.109Z [32minfo[39m: 	Hubo un error al procesar el PDF de Polymex: TypeError: Cannot read property 'split' of undefined
2022-11-17T23:52:13.224Z [32minfo[39m: 	**************************************************************
2022-11-17T23:52:13.225Z [32minfo[39m: 	       Función getPDFPolymex.
2022-11-17T23:52:13.225Z [32minfo[39m: 	**************************************************************
2022-11-17T23:52:13.225Z [32minfo[39m: 	Obteniendo la información del TXT
2022-11-17T23:52:13.228Z [32minfo[39m: 	Obteniendo la información del TXT: emailTo
2022-11-17T23:52:13.228Z [32minfo[39m: 	Obteniendo la información del TXT: emailCC
2022-11-17T23:52:13.228Z [32minfo[39m: 	Obteniendo la información del TXT: encabezado
2022-11-17T23:52:13.242Z [32minfo[39m: 	Convirtiendo el archivo XML a json.
2022-11-17T23:52:13.258Z [32minfo[39m: 	Obteniendo la Información Global del xml.
2022-11-17T23:52:13.258Z [32minfo[39m: 	Obteniendo los Atributos del xml.
2022-11-17T23:52:13.258Z [32minfo[39m: 	Obteniendo la información del Emisor
2022-11-17T23:52:13.258Z [32minfo[39m: 	Obteniendo la información del Receptor
2022-11-17T23:52:13.258Z [32minfo[39m: 	Obteniendo la información de los Conceptos
2022-11-17T23:52:13.258Z [32minfo[39m: 	Obteniendo la información del Complemento
2022-11-17T23:52:13.258Z [32minfo[39m: 	Obteniendo la información del TXT: Lotes
2022-11-17T23:52:13.258Z [32minfo[39m: 	Obteniendo la información del TXT: Piezas
2022-11-17T23:52:13.258Z [32minfo[39m: 	Obteniendo la información del TXT: Referencias Cruzadas
2022-11-17T23:52:15.260Z [32minfo[39m: 	Obteniendo la información de los CFDI Relacionados
2022-11-17T23:52:15.317Z [32minfo[39m: 	Obteniendo la información del Complemento de Comercio Exterior
2022-11-17T23:52:15.318Z [32minfo[39m: 	Obteniendo la información de las Leyendas Fiscales
2022-11-17T23:52:15.318Z [32minfo[39m: 	Obteniendo la información del Timbre Fiscal Digital
2022-11-17T23:52:15.448Z [32minfo[39m: 	Generando Código QR
2022-11-17T23:52:15.883Z [32minfo[39m: 	Guardando Imagen de Código QR
2022-11-17T23:52:17.083Z [32minfo[39m: 	Obteniendo la información de los Impuestos
2022-11-17T23:52:17.809Z [32minfo[39m: 	Eliminando imagen Código QR
2022-11-17T23:52:17.810Z [32minfo[39m: 	Convirtiendo PDF A Base 64
