2022-09-23T21:18:03.055Z [32minfo[39m: 	**************************************************************
2022-09-23T21:18:03.056Z [32minfo[39m: 	       Función getPDFPolymex.
2022-09-23T21:18:03.056Z [32minfo[39m: 	**************************************************************
2022-09-23T21:18:03.056Z [32minfo[39m: 	Obteniendo la información del TXT
2022-09-23T21:18:03.057Z [32minfo[39m: 	Obteniendo la información del TXT: emailTo
2022-09-23T21:18:03.057Z [32minfo[39m: 	Obteniendo la información del TXT: emailCC
2022-09-23T21:18:03.057Z [32minfo[39m: 	Obteniendo la información del TXT: encabezado
2022-09-23T21:18:03.066Z [32minfo[39m: 	Convirtiendo el archivo XML a json.
2022-09-23T21:18:03.073Z [32minfo[39m: 	Obteniendo la Información Global del xml.
2022-09-23T21:18:03.073Z [32minfo[39m: 	Obteniendo los Atributos del xml.
2022-09-23T21:18:03.073Z [32minfo[39m: 	Obteniendo la información del Emisor
2022-09-23T21:18:03.073Z [32minfo[39m: 	Obteniendo la información del Receptor
2022-09-23T21:18:03.073Z [32minfo[39m: 	Obteniendo la información de los Conceptos
2022-09-23T21:18:03.073Z [32minfo[39m: 	Obteniendo la información del Complemento
2022-09-23T21:18:03.073Z [32minfo[39m: 	Obteniendo la información del TXT: Lotes
2022-09-23T21:18:03.073Z [32minfo[39m: 	Obteniendo la información del TXT: Piezas
2022-09-23T21:18:03.073Z [32minfo[39m: 	Obteniendo la información del TXT: Referencias Cruzadas
2022-09-23T21:18:04.305Z [32minfo[39m: 	Obteniendo la información de los CFDI Relacionados
2022-09-23T21:18:04.347Z [32minfo[39m: 	Obteniendo la información del Complemento de Comercio Exterior
2022-09-23T21:18:04.347Z [32minfo[39m: 	Obteniendo la información de las Leyendas Fiscales
2022-09-23T21:18:04.347Z [32minfo[39m: 	Obteniendo la información del Timbre Fiscal Digital
2022-09-23T21:18:04.438Z [32minfo[39m: 	Generando Código QR
2022-09-23T21:18:04.949Z [32minfo[39m: 	Guardando Imagen de Código QR
2022-09-23T21:18:05.740Z [32minfo[39m: 	Obteniendo la información de los Impuestos
2022-09-23T21:18:06.295Z [32minfo[39m: 	Eliminando imagen Código QR
2022-09-23T21:18:06.296Z [32minfo[39m: 	Convirtiendo PDF A Base 64
