2022-10-26T22:42:50.486Z [32minfo[39m: 	**************************************************************
2022-10-26T22:42:50.487Z [32minfo[39m: 	       Función getPDFPolymex33.
2022-10-26T22:42:50.487Z [32minfo[39m: 	**************************************************************
2022-10-26T22:42:50.487Z [32minfo[39m: 	Obteniendo la información del TXT
2022-10-26T22:42:50.487Z [32minfo[39m: 	Obteniendo la información del TXT: emailTo
2022-10-26T22:42:50.487Z [32minfo[39m: 	Obteniendo la información del TXT: emailCC
2022-10-26T22:42:50.488Z [32minfo[39m: 	Obteniendo la información del TXT: encabezado
2022-10-26T22:42:50.491Z [32minfo[39m: 	Convirtiendo el archivo XML a json.
2022-10-26T22:42:50.495Z [32minfo[39m: 	Obteniendo la Información Global del xml.
2022-10-26T22:42:50.495Z [32minfo[39m: 	Obteniendo los Atributos del xml.
2022-10-26T22:42:50.495Z [32minfo[39m: 	Obteniendo la información del Emisor
2022-10-26T22:42:50.495Z [32minfo[39m: 	Obteniendo la información del Receptor
2022-10-26T22:42:50.495Z [32minfo[39m: 	Obteniendo la información de los Conceptos
2022-10-26T22:42:50.495Z [32minfo[39m: 	Obteniendo la información del Complemento
2022-10-26T22:42:50.495Z [32minfo[39m: 	Obteniendo la información del TXT: Lotes
2022-10-26T22:42:50.495Z [32minfo[39m: 	Obteniendo la información del TXT: Piezas
2022-10-26T22:42:50.495Z [32minfo[39m: 	Obteniendo la información del TXT: Referencias Cruzadas
2022-10-26T22:42:51.565Z [32minfo[39m: 	Obteniendo la información de los CFDI Relacionados
2022-10-26T22:42:51.691Z [32minfo[39m: 	Obteniendo la información de las Leyendas Fiscales
2022-10-26T22:42:51.693Z [32minfo[39m: 	Hubo un error al procesar el PDF de Polymex: TypeError: Cannot read property 'elements' of undefined
