2023-03-23T02:45:44.218Z [32minfo[39m: 	**************************************************************
2023-03-23T02:45:44.219Z [32minfo[39m: 	       Función getPDFPolymex.
2023-03-23T02:45:44.219Z [32minfo[39m: 	**************************************************************
2023-03-23T02:45:44.219Z [32minfo[39m: 	Obteniendo la información del TXT
2023-03-23T02:45:44.220Z [32minfo[39m: 	Hubo un error al procesar el PDF de Polymex: Error: ENOENT: no such file or directory, open '/Users/alexishernandezolvera/Desktop/P34863.txt'
2023-03-23T02:45:59.712Z [32minfo[39m: 	**************************************************************
2023-03-23T02:45:59.713Z [32minfo[39m: 	       Función getPDFPolymex.
2023-03-23T02:45:59.714Z [32minfo[39m: 	**************************************************************
2023-03-23T02:45:59.714Z [32minfo[39m: 	Obteniendo la información del TXT
2023-03-23T02:45:59.716Z [32minfo[39m: 	Obteniendo la información del TXT: emailTo
2023-03-23T02:45:59.717Z [32minfo[39m: 	Obteniendo la información del TXT: emailCC
2023-03-23T02:45:59.719Z [32minfo[39m: 	Hubo un error al procesar el PDF de Polymex: TypeError: Cannot read property 'split' of undefined
2023-03-23T02:46:26.205Z [32minfo[39m: 	**************************************************************
2023-03-23T02:46:26.207Z [32minfo[39m: 	       Función getPDFPolymex.
2023-03-23T02:46:26.207Z [32minfo[39m: 	**************************************************************
2023-03-23T02:46:26.207Z [32minfo[39m: 	Obteniendo la información del TXT
2023-03-23T02:46:26.213Z [32minfo[39m: 	Obteniendo la información del TXT: emailTo
2023-03-23T02:46:26.214Z [32minfo[39m: 	Obteniendo la información del TXT: emailCC
2023-03-23T02:46:26.214Z [32minfo[39m: 	Obteniendo la información del TXT: encabezado
2023-03-23T02:46:26.219Z [32minfo[39m: 	Convirtiendo el archivo XML a json.
2023-03-23T02:46:26.225Z [32minfo[39m: 	Obteniendo la Información Global del xml.
2023-03-23T02:46:26.226Z [32minfo[39m: 	Obteniendo los Atributos del xml.
2023-03-23T02:46:26.226Z [32minfo[39m: 	Obteniendo la información del Emisor
2023-03-23T02:46:26.226Z [32minfo[39m: 	Obteniendo la información del Receptor
2023-03-23T02:46:26.226Z [32minfo[39m: 	Obteniendo la información de los Conceptos
2023-03-23T02:46:26.226Z [32minfo[39m: 	Obteniendo la información del Complemento
2023-03-23T02:46:26.226Z [32minfo[39m: 	Obteniendo la información del TXT: Lotes
2023-03-23T02:46:26.226Z [32minfo[39m: 	Obteniendo la información del TXT: Piezas
2023-03-23T02:46:26.226Z [32minfo[39m: 	Obteniendo la información del TXT: Referencias Cruzadas
2023-03-23T02:46:40.168Z [32minfo[39m: 	Obteniendo la información de los CFDI Relacionados
2023-03-23T02:46:40.381Z [32minfo[39m: 	Obteniendo la información de las Leyendas Fiscales
2023-03-23T02:46:40.381Z [32minfo[39m: 	Obteniendo la información del Timbre Fiscal Digital
2023-03-23T02:46:40.546Z [32minfo[39m: 	Generando Código QR
2023-03-23T02:46:40.784Z [32minfo[39m: 	Guardando Imagen de Código QR
2023-03-23T02:46:42.300Z [32minfo[39m: 	Obteniendo la información de los Impuestos
2023-03-23T02:46:42.884Z [32minfo[39m: 	Eliminando imagen Código QR
2023-03-23T02:46:42.885Z [32minfo[39m: 	Convirtiendo PDF A Base 64
2023-03-23T02:56:58.321Z [32minfo[39m: 	**************************************************************
2023-03-23T02:56:58.322Z [32minfo[39m: 	       Función getPDFPolymex.
2023-03-23T02:56:58.322Z [32minfo[39m: 	**************************************************************
2023-03-23T02:56:58.322Z [32minfo[39m: 	Obteniendo la información del TXT
2023-03-23T02:56:58.325Z [32minfo[39m: 	Obteniendo la información del TXT: emailTo
2023-03-23T02:56:58.325Z [32minfo[39m: 	Obteniendo la información del TXT: emailCC
2023-03-23T02:56:58.327Z [32minfo[39m: 	Hubo un error al procesar el PDF de Polymex: TypeError: Cannot read property 'split' of undefined
2023-03-23T02:57:41.344Z [32minfo[39m: 	**************************************************************
2023-03-23T02:57:41.345Z [32minfo[39m: 	       Función getPDFPolymex.
2023-03-23T02:57:41.345Z [32minfo[39m: 	**************************************************************
2023-03-23T02:57:41.345Z [32minfo[39m: 	Obteniendo la información del TXT
2023-03-23T02:57:41.348Z [32minfo[39m: 	Obteniendo la información del TXT: emailTo
2023-03-23T02:57:41.348Z [32minfo[39m: 	Obteniendo la información del TXT: emailCC
2023-03-23T02:57:41.349Z [32minfo[39m: 	Obteniendo la información del TXT: encabezado
2023-03-23T02:57:41.354Z [32minfo[39m: 	Convirtiendo el archivo XML a json.
2023-03-23T02:57:41.361Z [32minfo[39m: 	Obteniendo la Información Global del xml.
2023-03-23T02:57:41.362Z [32minfo[39m: 	Obteniendo los Atributos del xml.
2023-03-23T02:57:41.362Z [32minfo[39m: 	Obteniendo la información del Emisor
2023-03-23T02:57:41.362Z [32minfo[39m: 	Obteniendo la información del Receptor
2023-03-23T02:57:41.362Z [32minfo[39m: 	Obteniendo la información de los Conceptos
2023-03-23T02:57:41.362Z [32minfo[39m: 	Obteniendo la información del Complemento
2023-03-23T02:57:41.362Z [32minfo[39m: 	Obteniendo la información del TXT: Lotes
2023-03-23T02:57:41.362Z [32minfo[39m: 	Obteniendo la información del TXT: Piezas
2023-03-23T02:57:41.362Z [32minfo[39m: 	Obteniendo la información del TXT: Referencias Cruzadas
2023-03-23T02:57:44.058Z [32minfo[39m: 	Obteniendo la información de los CFDI Relacionados
2023-03-23T02:57:44.312Z [32minfo[39m: 	Obteniendo la información de las Leyendas Fiscales
2023-03-23T02:57:44.312Z [32minfo[39m: 	Obteniendo la información del Timbre Fiscal Digital
2023-03-23T02:57:44.527Z [32minfo[39m: 	Generando Código QR
2023-03-23T02:57:44.722Z [32minfo[39m: 	Guardando Imagen de Código QR
2023-03-23T02:57:46.232Z [32minfo[39m: 	Obteniendo la información de los Impuestos
2023-03-23T02:57:46.781Z [32minfo[39m: 	Eliminando imagen Código QR
2023-03-23T02:57:46.782Z [32minfo[39m: 	Convirtiendo PDF A Base 64
